2020-09-01 18:35:48,307 - __main__ - DEBUG - Add the following customer filters to Jinja environment: leetify
2020-09-02 12:01:56,920 - __main__ - DEBUG - Add the following customer filters to Jinja environment: leetify
2020-09-02 12:42:01,932 - __main__ - DEBUG - Add the following customer filters to Jinja environment: leetify
2020-09-02 12:42:08,526 - __main__ - DEBUG - Add the following customer filters to Jinja environment: leetify
2020-09-02 12:48:47,581 - __main__ - DEBUG - Add the following customer filters to Jinja environment: leetify
2020-09-02 12:49:52,313 - __main__ - DEBUG - Add the following customer filters to Jinja environment: leetify
2020-09-02 12:49:58,488 - __main__ - DEBUG - Add the following customer filters to Jinja environment: leetify
2020-09-02 12:55:01,983 - __main__ - DEBUG - Add the following customer filters to Jinja environment: leetify
2020-09-02 12:55:31,737 - __main__ - DEBUG - Add the following customer filters to Jinja environment: leetify
2020-09-02 12:55:45,200 - __main__ - DEBUG - Add the following customer filters to Jinja environment: leetify
2020-09-02 12:55:45,910 - __main__ - DEBUG - Add the following customer filters to Jinja environment: leetify
2020-09-02 12:55:46,405 - __main__ - DEBUG - Add the following customer filters to Jinja environment: leetify
2020-09-02 12:55:46,821 - __main__ - DEBUG - Add the following customer filters to Jinja environment: leetify
2020-09-02 12:55:47,080 - __main__ - DEBUG - Add the following customer filters to Jinja environment: leetify
2020-09-02 12:55:47,351 - __main__ - DEBUG - Add the following customer filters to Jinja environment: leetify
2020-09-02 12:55:47,527 - __main__ - DEBUG - Add the following customer filters to Jinja environment: leetify
2020-09-02 12:55:47,592 - __main__ - DEBUG - Add the following customer filters to Jinja environment: leetify
2020-09-02 12:55:49,958 - __main__ - DEBUG - Add the following customer filters to Jinja environment: leetify
2020-09-02 12:55:51,467 - __main__ - DEBUG - Add the following customer filters to Jinja environment: leetify
2020-09-02 12:55:51,495 - __main__ - DEBUG - Add the following customer filters to Jinja environment: leetify
2020-09-02 13:47:48,022 - __main__ - DEBUG - Add the following customer filters to Jinja environment: leetify
2020-09-02 13:47:48,025 - __main__ - ERROR - Exception on /convert [POST]
Traceback (most recent call last):
  File "/Users/yuriy/Library/Python/2.7/lib/python/site-packages/flask/app.py", line 1817, in wsgi_app
    response = self.full_dispatch_request()
  File "/Users/yuriy/Library/Python/2.7/lib/python/site-packages/flask/app.py", line 1477, in full_dispatch_request
    rv = self.handle_user_exception(e)
  File "/Users/yuriy/Library/Python/2.7/lib/python/site-packages/flask/app.py", line 1381, in handle_user_exception
    reraise(exc_type, exc_value, tb)
  File "/Users/yuriy/Library/Python/2.7/lib/python/site-packages/flask/app.py", line 1475, in full_dispatch_request
    rv = self.dispatch_request()
  File "/Users/yuriy/Library/Python/2.7/lib/python/site-packages/flask/app.py", line 1461, in dispatch_request
    return self.view_functions[rule.endpoint](**req.view_args)
  File "parser.py", line 61, in convert
    dummy_values = [ 'Lorem', 'Ipsum', 'Amet', 'Elit', 'Expositum',
ValueError: invalid literal for int() with base 10: 'false'
2020-09-02 13:49:39,683 - __main__ - DEBUG - Add the following customer filters to Jinja environment: leetify
2020-09-02 13:49:39,687 - __main__ - ERROR - Exception on /convert [POST]
Traceback (most recent call last):
  File "/Users/yuriy/Library/Python/2.7/lib/python/site-packages/flask/app.py", line 1817, in wsgi_app
    response = self.full_dispatch_request()
  File "/Users/yuriy/Library/Python/2.7/lib/python/site-packages/flask/app.py", line 1477, in full_dispatch_request
    rv = self.handle_user_exception(e)
  File "/Users/yuriy/Library/Python/2.7/lib/python/site-packages/flask/app.py", line 1381, in handle_user_exception
    reraise(exc_type, exc_value, tb)
  File "/Users/yuriy/Library/Python/2.7/lib/python/site-packages/flask/app.py", line 1475, in full_dispatch_request
    rv = self.dispatch_request()
  File "/Users/yuriy/Library/Python/2.7/lib/python/site-packages/flask/app.py", line 1461, in dispatch_request
    return self.view_functions[rule.endpoint](**req.view_args)
  File "parser.py", line 61, in convert
    dummy_values = [ 'Lorem', 'Ipsum', 'Amet', 'Elit', 'Expositum',
ValueError: invalid literal for int() with base 10: 'false'
2020-09-02 13:50:41,732 - __main__ - DEBUG - Add the following customer filters to Jinja environment: leetify
2020-09-02 13:50:41,735 - __main__ - ERROR - Exception on /convert [POST]
Traceback (most recent call last):
  File "/Users/yuriy/Library/Python/2.7/lib/python/site-packages/flask/app.py", line 1817, in wsgi_app
    response = self.full_dispatch_request()
  File "/Users/yuriy/Library/Python/2.7/lib/python/site-packages/flask/app.py", line 1477, in full_dispatch_request
    rv = self.handle_user_exception(e)
  File "/Users/yuriy/Library/Python/2.7/lib/python/site-packages/flask/app.py", line 1381, in handle_user_exception
    reraise(exc_type, exc_value, tb)
  File "/Users/yuriy/Library/Python/2.7/lib/python/site-packages/flask/app.py", line 1475, in full_dispatch_request
    rv = self.dispatch_request()
  File "/Users/yuriy/Library/Python/2.7/lib/python/site-packages/flask/app.py", line 1461, in dispatch_request
    return self.view_functions[rule.endpoint](**req.view_args)
  File "parser.py", line 65, in convert
    if bool(int(request.form['dummyvalues'])):
ValueError: invalid literal for int() with base 10: 'false'
2020-09-02 13:59:54,790 - __main__ - DEBUG - Add the following customer filters to Jinja environment: leetify
2020-09-02 13:59:54,792 - __main__ - ERROR - Exception on /convert [POST]
Traceback (most recent call last):
  File "/Users/yuriy/Library/Python/2.7/lib/python/site-packages/flask/app.py", line 1817, in wsgi_app
    response = self.full_dispatch_request()
  File "/Users/yuriy/Library/Python/2.7/lib/python/site-packages/flask/app.py", line 1477, in full_dispatch_request
    rv = self.handle_user_exception(e)
  File "/Users/yuriy/Library/Python/2.7/lib/python/site-packages/flask/app.py", line 1381, in handle_user_exception
    reraise(exc_type, exc_value, tb)
  File "/Users/yuriy/Library/Python/2.7/lib/python/site-packages/flask/app.py", line 1475, in full_dispatch_request
    rv = self.dispatch_request()
  File "/Users/yuriy/Library/Python/2.7/lib/python/site-packages/flask/app.py", line 1461, in dispatch_request
    return self.view_functions[rule.endpoint](**req.view_args)
  File "parser.py", line 65, in convert
    if bool(int(request.form['dummyvalues'])):
ValueError: invalid literal for int() with base 10: 'false'
2020-09-02 14:00:02,583 - __main__ - DEBUG - Add the following customer filters to Jinja environment: leetify
2020-09-02 14:00:02,585 - __main__ - ERROR - Exception on /convert [POST]
Traceback (most recent call last):
  File "/Users/yuriy/Library/Python/2.7/lib/python/site-packages/flask/app.py", line 1817, in wsgi_app
    response = self.full_dispatch_request()
  File "/Users/yuriy/Library/Python/2.7/lib/python/site-packages/flask/app.py", line 1477, in full_dispatch_request
    rv = self.handle_user_exception(e)
  File "/Users/yuriy/Library/Python/2.7/lib/python/site-packages/flask/app.py", line 1381, in handle_user_exception
    reraise(exc_type, exc_value, tb)
  File "/Users/yuriy/Library/Python/2.7/lib/python/site-packages/flask/app.py", line 1475, in full_dispatch_request
    rv = self.dispatch_request()
  File "/Users/yuriy/Library/Python/2.7/lib/python/site-packages/flask/app.py", line 1461, in dispatch_request
    return self.view_functions[rule.endpoint](**req.view_args)
  File "parser.py", line 65, in convert
    if bool(int(request.form['dummyvalues'])):
ValueError: invalid literal for int() with base 10: 'false'
2020-09-02 14:00:02,686 - __main__ - DEBUG - Add the following customer filters to Jinja environment: leetify
2020-09-02 14:00:02,687 - __main__ - ERROR - Exception on /convert [POST]
Traceback (most recent call last):
  File "/Users/yuriy/Library/Python/2.7/lib/python/site-packages/flask/app.py", line 1817, in wsgi_app
    response = self.full_dispatch_request()
  File "/Users/yuriy/Library/Python/2.7/lib/python/site-packages/flask/app.py", line 1477, in full_dispatch_request
    rv = self.handle_user_exception(e)
  File "/Users/yuriy/Library/Python/2.7/lib/python/site-packages/flask/app.py", line 1381, in handle_user_exception
    reraise(exc_type, exc_value, tb)
  File "/Users/yuriy/Library/Python/2.7/lib/python/site-packages/flask/app.py", line 1475, in full_dispatch_request
    rv = self.dispatch_request()
  File "/Users/yuriy/Library/Python/2.7/lib/python/site-packages/flask/app.py", line 1461, in dispatch_request
    return self.view_functions[rule.endpoint](**req.view_args)
  File "parser.py", line 65, in convert
    if bool(int(request.form['dummyvalues'])):
ValueError: invalid literal for int() with base 10: 'false'
2020-09-02 14:00:02,785 - __main__ - DEBUG - Add the following customer filters to Jinja environment: leetify
2020-09-02 14:00:02,787 - __main__ - ERROR - Exception on /convert [POST]
Traceback (most recent call last):
  File "/Users/yuriy/Library/Python/2.7/lib/python/site-packages/flask/app.py", line 1817, in wsgi_app
    response = self.full_dispatch_request()
  File "/Users/yuriy/Library/Python/2.7/lib/python/site-packages/flask/app.py", line 1477, in full_dispatch_request
    rv = self.handle_user_exception(e)
  File "/Users/yuriy/Library/Python/2.7/lib/python/site-packages/flask/app.py", line 1381, in handle_user_exception
    reraise(exc_type, exc_value, tb)
  File "/Users/yuriy/Library/Python/2.7/lib/python/site-packages/flask/app.py", line 1475, in full_dispatch_request
    rv = self.dispatch_request()
  File "/Users/yuriy/Library/Python/2.7/lib/python/site-packages/flask/app.py", line 1461, in dispatch_request
    return self.view_functions[rule.endpoint](**req.view_args)
  File "parser.py", line 65, in convert
    if bool(int(request.form['dummyvalues'])):
ValueError: invalid literal for int() with base 10: 'false'
2020-09-02 14:03:10,497 - __main__ - DEBUG - Add the following customer filters to Jinja environment: leetify
2020-09-02 14:03:10,500 - __main__ - ERROR - Exception on /convert [POST]
Traceback (most recent call last):
  File "/Users/yuriy/Library/Python/2.7/lib/python/site-packages/flask/app.py", line 1817, in wsgi_app
    response = self.full_dispatch_request()
  File "/Users/yuriy/Library/Python/2.7/lib/python/site-packages/flask/app.py", line 1477, in full_dispatch_request
    rv = self.handle_user_exception(e)
  File "/Users/yuriy/Library/Python/2.7/lib/python/site-packages/flask/app.py", line 1381, in handle_user_exception
    reraise(exc_type, exc_value, tb)
  File "/Users/yuriy/Library/Python/2.7/lib/python/site-packages/flask/app.py", line 1475, in full_dispatch_request
    rv = self.dispatch_request()
  File "/Users/yuriy/Library/Python/2.7/lib/python/site-packages/flask/app.py", line 1461, in dispatch_request
    return self.view_functions[rule.endpoint](**req.view_args)
  File "parser.py", line 65, in convert
    if bool(int(request.form['dummyvalues'])):
ValueError: invalid literal for int() with base 10: 'false'
2020-09-02 14:03:49,319 - __main__ - DEBUG - Add the following customer filters to Jinja environment: leetify
2020-09-02 14:03:49,320 - __main__ - ERROR - Exception on /convert [POST]
Traceback (most recent call last):
  File "/Users/yuriy/Library/Python/2.7/lib/python/site-packages/flask/app.py", line 1817, in wsgi_app
    response = self.full_dispatch_request()
  File "/Users/yuriy/Library/Python/2.7/lib/python/site-packages/flask/app.py", line 1477, in full_dispatch_request
    rv = self.handle_user_exception(e)
  File "/Users/yuriy/Library/Python/2.7/lib/python/site-packages/flask/app.py", line 1381, in handle_user_exception
    reraise(exc_type, exc_value, tb)
  File "/Users/yuriy/Library/Python/2.7/lib/python/site-packages/flask/app.py", line 1475, in full_dispatch_request
    rv = self.dispatch_request()
  File "/Users/yuriy/Library/Python/2.7/lib/python/site-packages/flask/app.py", line 1461, in dispatch_request
    return self.view_functions[rule.endpoint](**req.view_args)
  File "parser.py", line 65, in convert
    if bool(int(request.form['dummyvalues'])):
ValueError: invalid literal for int() with base 10: 'false'
2020-09-02 14:04:23,569 - __main__ - DEBUG - Add the following customer filters to Jinja environment: leetify
2020-09-02 14:04:23,572 - __main__ - ERROR - Exception on /convert [POST]
Traceback (most recent call last):
  File "/Users/yuriy/Library/Python/2.7/lib/python/site-packages/flask/app.py", line 1817, in wsgi_app
    response = self.full_dispatch_request()
  File "/Users/yuriy/Library/Python/2.7/lib/python/site-packages/flask/app.py", line 1477, in full_dispatch_request
    rv = self.handle_user_exception(e)
  File "/Users/yuriy/Library/Python/2.7/lib/python/site-packages/flask/app.py", line 1381, in handle_user_exception
    reraise(exc_type, exc_value, tb)
  File "/Users/yuriy/Library/Python/2.7/lib/python/site-packages/flask/app.py", line 1475, in full_dispatch_request
    rv = self.dispatch_request()
  File "/Users/yuriy/Library/Python/2.7/lib/python/site-packages/flask/app.py", line 1461, in dispatch_request
    return self.view_functions[rule.endpoint](**req.view_args)
  File "parser.py", line 65, in convert
    if bool(int(request.form['dummyvalues'])):
ValueError: invalid literal for int() with base 10: 'false'
2020-09-02 14:04:23,665 - __main__ - DEBUG - Add the following customer filters to Jinja environment: leetify
2020-09-02 14:04:23,667 - __main__ - ERROR - Exception on /convert [POST]
Traceback (most recent call last):
  File "/Users/yuriy/Library/Python/2.7/lib/python/site-packages/flask/app.py", line 1817, in wsgi_app
    response = self.full_dispatch_request()
  File "/Users/yuriy/Library/Python/2.7/lib/python/site-packages/flask/app.py", line 1477, in full_dispatch_request
    rv = self.handle_user_exception(e)
  File "/Users/yuriy/Library/Python/2.7/lib/python/site-packages/flask/app.py", line 1381, in handle_user_exception
    reraise(exc_type, exc_value, tb)
  File "/Users/yuriy/Library/Python/2.7/lib/python/site-packages/flask/app.py", line 1475, in full_dispatch_request
    rv = self.dispatch_request()
  File "/Users/yuriy/Library/Python/2.7/lib/python/site-packages/flask/app.py", line 1461, in dispatch_request
    return self.view_functions[rule.endpoint](**req.view_args)
  File "parser.py", line 65, in convert
    if bool(int(request.form['dummyvalues'])):
ValueError: invalid literal for int() with base 10: 'false'
2020-09-02 14:04:23,767 - __main__ - DEBUG - Add the following customer filters to Jinja environment: leetify
2020-09-02 14:04:23,769 - __main__ - ERROR - Exception on /convert [POST]
Traceback (most recent call last):
  File "/Users/yuriy/Library/Python/2.7/lib/python/site-packages/flask/app.py", line 1817, in wsgi_app
    response = self.full_dispatch_request()
  File "/Users/yuriy/Library/Python/2.7/lib/python/site-packages/flask/app.py", line 1477, in full_dispatch_request
    rv = self.handle_user_exception(e)
  File "/Users/yuriy/Library/Python/2.7/lib/python/site-packages/flask/app.py", line 1381, in handle_user_exception
    reraise(exc_type, exc_value, tb)
  File "/Users/yuriy/Library/Python/2.7/lib/python/site-packages/flask/app.py", line 1475, in full_dispatch_request
    rv = self.dispatch_request()
  File "/Users/yuriy/Library/Python/2.7/lib/python/site-packages/flask/app.py", line 1461, in dispatch_request
    return self.view_functions[rule.endpoint](**req.view_args)
  File "parser.py", line 65, in convert
    if bool(int(request.form['dummyvalues'])):
ValueError: invalid literal for int() with base 10: 'false'
2020-09-02 14:05:06,260 - __main__ - DEBUG - Add the following customer filters to Jinja environment: leetify
2020-09-02 14:05:06,261 - __main__ - ERROR - Exception on /convert [POST]
Traceback (most recent call last):
  File "/Users/yuriy/Library/Python/2.7/lib/python/site-packages/flask/app.py", line 1817, in wsgi_app
    response = self.full_dispatch_request()
  File "/Users/yuriy/Library/Python/2.7/lib/python/site-packages/flask/app.py", line 1477, in full_dispatch_request
    rv = self.handle_user_exception(e)
  File "/Users/yuriy/Library/Python/2.7/lib/python/site-packages/flask/app.py", line 1381, in handle_user_exception
    reraise(exc_type, exc_value, tb)
  File "/Users/yuriy/Library/Python/2.7/lib/python/site-packages/flask/app.py", line 1475, in full_dispatch_request
    rv = self.dispatch_request()
  File "/Users/yuriy/Library/Python/2.7/lib/python/site-packages/flask/app.py", line 1461, in dispatch_request
    return self.view_functions[rule.endpoint](**req.view_args)
  File "parser.py", line 65, in convert
    if bool(int(request.form['dummyvalues'])):
ValueError: invalid literal for int() with base 10: 'false'
2020-09-02 14:49:30,778 - __main__ - DEBUG - Add the following customer filters to Jinja environment: leetify
2020-09-02 14:49:30,781 - __main__ - ERROR - Exception on /convert [POST]
Traceback (most recent call last):
  File "/Users/yuriy/Library/Python/2.7/lib/python/site-packages/flask/app.py", line 1817, in wsgi_app
    response = self.full_dispatch_request()
  File "/Users/yuriy/Library/Python/2.7/lib/python/site-packages/flask/app.py", line 1477, in full_dispatch_request
    rv = self.handle_user_exception(e)
  File "/Users/yuriy/Library/Python/2.7/lib/python/site-packages/flask/app.py", line 1381, in handle_user_exception
    reraise(exc_type, exc_value, tb)
  File "/Users/yuriy/Library/Python/2.7/lib/python/site-packages/flask/app.py", line 1475, in full_dispatch_request
    rv = self.dispatch_request()
  File "/Users/yuriy/Library/Python/2.7/lib/python/site-packages/flask/app.py", line 1461, in dispatch_request
    return self.view_functions[rule.endpoint](**req.view_args)
  File "parser.py", line 65, in convert
    if bool(int(request.form['dummyvalues'])):
ValueError: invalid literal for int() with base 10: 'false'
2020-09-02 14:50:18,504 - __main__ - DEBUG - Add the following customer filters to Jinja environment: leetify
2020-09-02 14:50:18,506 - __main__ - ERROR - Exception on /convert [POST]
Traceback (most recent call last):
  File "/Users/yuriy/Library/Python/2.7/lib/python/site-packages/flask/app.py", line 1817, in wsgi_app
    response = self.full_dispatch_request()
  File "/Users/yuriy/Library/Python/2.7/lib/python/site-packages/flask/app.py", line 1477, in full_dispatch_request
    rv = self.handle_user_exception(e)
  File "/Users/yuriy/Library/Python/2.7/lib/python/site-packages/flask/app.py", line 1381, in handle_user_exception
    reraise(exc_type, exc_value, tb)
  File "/Users/yuriy/Library/Python/2.7/lib/python/site-packages/flask/app.py", line 1475, in full_dispatch_request
    rv = self.dispatch_request()
  File "/Users/yuriy/Library/Python/2.7/lib/python/site-packages/flask/app.py", line 1461, in dispatch_request
    return self.view_functions[rule.endpoint](**req.view_args)
  File "parser.py", line 65, in convert
    if bool(int(request.form['dummyvalues'])):
ValueError: invalid literal for int() with base 10: 'false'
2020-09-02 14:50:55,095 - __main__ - DEBUG - Add the following customer filters to Jinja environment: leetify
2020-09-02 14:50:55,096 - __main__ - ERROR - Exception on /convert [POST]
Traceback (most recent call last):
  File "/Users/yuriy/Library/Python/2.7/lib/python/site-packages/flask/app.py", line 1817, in wsgi_app
    response = self.full_dispatch_request()
  File "/Users/yuriy/Library/Python/2.7/lib/python/site-packages/flask/app.py", line 1477, in full_dispatch_request
    rv = self.handle_user_exception(e)
  File "/Users/yuriy/Library/Python/2.7/lib/python/site-packages/flask/app.py", line 1381, in handle_user_exception
    reraise(exc_type, exc_value, tb)
  File "/Users/yuriy/Library/Python/2.7/lib/python/site-packages/flask/app.py", line 1475, in full_dispatch_request
    rv = self.dispatch_request()
  File "/Users/yuriy/Library/Python/2.7/lib/python/site-packages/flask/app.py", line 1461, in dispatch_request
    return self.view_functions[rule.endpoint](**req.view_args)
  File "parser.py", line 65, in convert
    if bool(int(request.form['dummyvalues'])):
ValueError: invalid literal for int() with base 10: 'false'
2020-09-02 14:51:03,790 - __main__ - DEBUG - Add the following customer filters to Jinja environment: leetify
2020-09-02 14:51:03,792 - __main__ - ERROR - Exception on /convert [POST]
Traceback (most recent call last):
  File "/Users/yuriy/Library/Python/2.7/lib/python/site-packages/flask/app.py", line 1817, in wsgi_app
    response = self.full_dispatch_request()
  File "/Users/yuriy/Library/Python/2.7/lib/python/site-packages/flask/app.py", line 1477, in full_dispatch_request
    rv = self.handle_user_exception(e)
  File "/Users/yuriy/Library/Python/2.7/lib/python/site-packages/flask/app.py", line 1381, in handle_user_exception
    reraise(exc_type, exc_value, tb)
  File "/Users/yuriy/Library/Python/2.7/lib/python/site-packages/flask/app.py", line 1475, in full_dispatch_request
    rv = self.dispatch_request()
  File "/Users/yuriy/Library/Python/2.7/lib/python/site-packages/flask/app.py", line 1461, in dispatch_request
    return self.view_functions[rule.endpoint](**req.view_args)
  File "parser.py", line 65, in convert
    if bool(int(request.form['dummyvalues'])):
ValueError: invalid literal for int() with base 10: 'false'
2020-09-02 14:51:07,693 - __main__ - DEBUG - Add the following customer filters to Jinja environment: leetify
2020-09-02 14:51:07,695 - __main__ - ERROR - Exception on /convert [POST]
Traceback (most recent call last):
  File "/Users/yuriy/Library/Python/2.7/lib/python/site-packages/flask/app.py", line 1817, in wsgi_app
    response = self.full_dispatch_request()
  File "/Users/yuriy/Library/Python/2.7/lib/python/site-packages/flask/app.py", line 1477, in full_dispatch_request
    rv = self.handle_user_exception(e)
  File "/Users/yuriy/Library/Python/2.7/lib/python/site-packages/flask/app.py", line 1381, in handle_user_exception
    reraise(exc_type, exc_value, tb)
  File "/Users/yuriy/Library/Python/2.7/lib/python/site-packages/flask/app.py", line 1475, in full_dispatch_request
    rv = self.dispatch_request()
  File "/Users/yuriy/Library/Python/2.7/lib/python/site-packages/flask/app.py", line 1461, in dispatch_request
    return self.view_functions[rule.endpoint](**req.view_args)
  File "parser.py", line 65, in convert
    if bool(int(request.form['dummyvalues'])):
ValueError: invalid literal for int() with base 10: 'false'
2020-09-02 14:51:07,963 - __main__ - DEBUG - Add the following customer filters to Jinja environment: leetify
2020-09-02 14:51:07,965 - __main__ - ERROR - Exception on /convert [POST]
Traceback (most recent call last):
  File "/Users/yuriy/Library/Python/2.7/lib/python/site-packages/flask/app.py", line 1817, in wsgi_app
    response = self.full_dispatch_request()
  File "/Users/yuriy/Library/Python/2.7/lib/python/site-packages/flask/app.py", line 1477, in full_dispatch_request
    rv = self.handle_user_exception(e)
  File "/Users/yuriy/Library/Python/2.7/lib/python/site-packages/flask/app.py", line 1381, in handle_user_exception
    reraise(exc_type, exc_value, tb)
  File "/Users/yuriy/Library/Python/2.7/lib/python/site-packages/flask/app.py", line 1475, in full_dispatch_request
    rv = self.dispatch_request()
  File "/Users/yuriy/Library/Python/2.7/lib/python/site-packages/flask/app.py", line 1461, in dispatch_request
    return self.view_functions[rule.endpoint](**req.view_args)
  File "parser.py", line 65, in convert
    if bool(int(request.form['dummyvalues'])):
ValueError: invalid literal for int() with base 10: 'false'
2020-09-02 14:51:08,040 - __main__ - DEBUG - Add the following customer filters to Jinja environment: leetify
2020-09-02 14:51:08,042 - __main__ - ERROR - Exception on /convert [POST]
Traceback (most recent call last):
  File "/Users/yuriy/Library/Python/2.7/lib/python/site-packages/flask/app.py", line 1817, in wsgi_app
    response = self.full_dispatch_request()
  File "/Users/yuriy/Library/Python/2.7/lib/python/site-packages/flask/app.py", line 1477, in full_dispatch_request
    rv = self.handle_user_exception(e)
  File "/Users/yuriy/Library/Python/2.7/lib/python/site-packages/flask/app.py", line 1381, in handle_user_exception
    reraise(exc_type, exc_value, tb)
  File "/Users/yuriy/Library/Python/2.7/lib/python/site-packages/flask/app.py", line 1475, in full_dispatch_request
    rv = self.dispatch_request()
  File "/Users/yuriy/Library/Python/2.7/lib/python/site-packages/flask/app.py", line 1461, in dispatch_request
    return self.view_functions[rule.endpoint](**req.view_args)
  File "parser.py", line 65, in convert
    if bool(int(request.form['dummyvalues'])):
ValueError: invalid literal for int() with base 10: 'false'
2020-09-02 14:52:48,069 - __main__ - DEBUG - Add the following customer filters to Jinja environment: leetify
2020-09-02 14:52:48,069 - __main__ - ERROR - Exception on /convert [POST]
Traceback (most recent call last):
  File "/Users/yuriy/Library/Python/2.7/lib/python/site-packages/flask/app.py", line 1817, in wsgi_app
    response = self.full_dispatch_request()
  File "/Users/yuriy/Library/Python/2.7/lib/python/site-packages/flask/app.py", line 1477, in full_dispatch_request
    rv = self.handle_user_exception(e)
  File "/Users/yuriy/Library/Python/2.7/lib/python/site-packages/flask/app.py", line 1381, in handle_user_exception
    reraise(exc_type, exc_value, tb)
  File "/Users/yuriy/Library/Python/2.7/lib/python/site-packages/flask/app.py", line 1475, in full_dispatch_request
    rv = self.dispatch_request()
  File "/Users/yuriy/Library/Python/2.7/lib/python/site-packages/flask/app.py", line 1461, in dispatch_request
    return self.view_functions[rule.endpoint](**req.view_args)
  File "parser.py", line 65, in convert
    if bool(int(request.form['dummyvalues'])):
ValueError: invalid literal for int() with base 10: 'false'
2020-09-02 14:52:52,005 - __main__ - DEBUG - Add the following customer filters to Jinja environment: leetify
2020-09-02 14:52:52,006 - __main__ - ERROR - Exception on /convert [POST]
Traceback (most recent call last):
  File "/Users/yuriy/Library/Python/2.7/lib/python/site-packages/flask/app.py", line 1817, in wsgi_app
    response = self.full_dispatch_request()
  File "/Users/yuriy/Library/Python/2.7/lib/python/site-packages/flask/app.py", line 1477, in full_dispatch_request
    rv = self.handle_user_exception(e)
  File "/Users/yuriy/Library/Python/2.7/lib/python/site-packages/flask/app.py", line 1381, in handle_user_exception
    reraise(exc_type, exc_value, tb)
  File "/Users/yuriy/Library/Python/2.7/lib/python/site-packages/flask/app.py", line 1475, in full_dispatch_request
    rv = self.dispatch_request()
  File "/Users/yuriy/Library/Python/2.7/lib/python/site-packages/flask/app.py", line 1461, in dispatch_request
    return self.view_functions[rule.endpoint](**req.view_args)
  File "parser.py", line 65, in convert
    if bool(int(request.form['dummyvalues'])):
ValueError: invalid literal for int() with base 10: 'false'
2020-09-02 14:53:38,011 - __main__ - DEBUG - Add the following customer filters to Jinja environment: leetify
2020-09-02 14:53:39,626 - __main__ - DEBUG - Add the following customer filters to Jinja environment: leetify
2020-09-02 14:53:51,418 - __main__ - DEBUG - Add the following customer filters to Jinja environment: leetify
2020-09-02 14:54:00,180 - __main__ - DEBUG - Add the following customer filters to Jinja environment: leetify
2020-09-02 14:59:02,710 - __main__ - DEBUG - Add the following customer filters to Jinja environment: leetify
2020-09-02 14:59:02,738 - __main__ - DEBUG - Add the following customer filters to Jinja environment: leetify
2020-09-02 14:59:05,395 - __main__ - DEBUG - Add the following customer filters to Jinja environment: leetify
2020-09-02 16:04:32,159 - __main__ - DEBUG - Add the following customer filters to Jinja environment: leetify
2020-09-02 16:04:32,217 - __main__ - DEBUG - Add the following customer filters to Jinja environment: leetify
2020-09-02 16:04:35,947 - __main__ - DEBUG - Add the following customer filters to Jinja environment: leetify
2020-09-02 16:04:42,822 - __main__ - DEBUG - Add the following customer filters to Jinja environment: leetify
2020-09-02 16:04:44,092 - __main__ - DEBUG - Add the following customer filters to Jinja environment: leetify
2020-09-02 16:04:44,109 - __main__ - DEBUG - Add the following customer filters to Jinja environment: leetify
2020-09-02 16:04:51,674 - __main__ - DEBUG - Add the following customer filters to Jinja environment: leetify
2020-09-02 16:04:56,655 - __main__ - DEBUG - Add the following customer filters to Jinja environment: leetify
2020-09-02 16:05:02,014 - __main__ - DEBUG - Add the following customer filters to Jinja environment: leetify
2020-09-02 16:05:06,974 - __main__ - DEBUG - Add the following customer filters to Jinja environment: leetify
